# JRE version: Java(TM) SE Runtime Environment (8.0_381) (build 1.8.0_381-b09)
# Java VM: Java HotSpot(TM) 64-Bit Server VM (25.381-b09 mixed mode windows-amd64 compressed oops)
Heap:
 PSYoungGen      total 45568K, used 41284K [0x00000000d5f80000, 0x00000000d9180000, 0x0000000100000000)
  eden space 40448K, 89% used [0x00000000d5f80000,0x00000000d82d9148,0x00000000d8700000)
  from space 5120K, 99% used [0x00000000d8c80000,0x00000000d9178020,0x00000000d9180000)
  to   space 5120K, 0% used [0x00000000d8780000,0x00000000d8780000,0x00000000d8c80000)
 ParOldGen       total 353280K, used 326777K [0x0000000081e00000, 0x0000000097700000, 0x00000000d5f80000)
  object space 353280K, 92% used [0x0000000081e00000,0x0000000095d1e6a0,0x0000000097700000)
 Metaspace       used 22876K, capacity 24420K, committed 24576K, reserved 1071104K
  class space    used 3167K, capacity 3490K, committed 3584K, reserved 1048576K
GC Heap History (10 events):
Event: 1.191 GC heap before
{Heap before GC invocations=1 (full 0):
 PSYoungGen      total 38400K, used 33280K [0x00000000d5f80000, 0x00000000d8a00000, 0x0000000100000000)
  eden space 33280K, 100% used [0x00000000d5f80000,0x00000000d8000000,0x00000000d8000000)
  from space 5120K, 0% used [0x00000000d8500000,0x00000000d8500000,0x00000000d8a00000)
  to   space 5120K, 0% used [0x00000000d8000000,0x00000000d8000000,0x00000000d8500000)
 ParOldGen       total 87552K, used 70312K [0x0000000081e00000, 0x0000000087380000, 0x00000000d5f80000)
  object space 87552K, 80% used [0x0000000081e00000,0x00000000862aa220,0x0000000087380000)
 Metaspace       used 14749K, capacity 15406K, committed 15488K, reserved 1062912K
  class space    used 1954K, capacity 2153K, committed 2176K, reserved 1048576K
Event: 1.196 GC heap after
Heap after GC invocations=1 (full 0):
 PSYoungGen      total 38400K, used 5118K [0x00000000d5f80000, 0x00000000d8a00000, 0x0000000100000000)
  eden space 33280K, 0% used [0x00000000d5f80000,0x00000000d5f80000,0x00000000d8000000)
  from space 5120K, 99% used [0x00000000d8000000,0x00000000d84ff8b0,0x00000000d8500000)
  to   space 5120K, 0% used [0x00000000d8500000,0x00000000d8500000,0x00000000d8a00000)
 ParOldGen       total 87552K, used 71973K [0x0000000081e00000, 0x0000000087380000, 0x00000000d5f80000)
  object space 87552K, 82% used [0x0000000081e00000,0x0000000086449540,0x0000000087380000)
 Metaspace       used 14749K, capacity 15406K, committed 15488K, reserved 1062912K
  class space    used 1954K, capacity 2153K, committed 2176K, reserved 1048576K
}
Event: 1.841 GC heap before
{Heap before GC invocations=2 (full 0):
 PSYoungGen      total 38400K, used 22942K [0x00000000d5f80000, 0x00000000d8a00000, 0x0000000100000000)
  eden space 33280K, 53% used [0x00000000d5f80000,0x00000000d70e7f50,0x00000000d8000000)
  from space 5120K, 99% used [0x00000000d8000000,0x00000000d84ff8b0,0x00000000d8500000)
  to   space 5120K, 0% used [0x00000000d8500000,0x00000000d8500000,0x00000000d8a00000)
 ParOldGen       total 87552K, used 71973K [0x0000000081e00000, 0x0000000087380000, 0x00000000d5f80000)
  object space 87552K, 82% used [0x0000000081e00000,0x0000000086449540,0x0000000087380000)
 Metaspace       used 20036K, capacity 21240K, committed 21296K, reserved 1067008K
  class space    used 2898K, capacity 3168K, committed 3200K, reserved 1048576K
Event: 1.849 GC heap after
Heap after GC invocations=2 (full 0):
 PSYoungGen      total 38400K, used 5088K [0x00000000d5f80000, 0x00000000d8a00000, 0x0000000100000000)
  eden space 33280K, 0% used [0x00000000d5f80000,0x00000000d5f80000,0x00000000d8000000)
  from space 5120K, 99% used [0x00000000d8500000,0x00000000d89f8040,0x00000000d8a00000)
  to   space 5120K, 0% used [0x00000000d8000000,0x00000000d8000000,0x00000000d8500000)
 ParOldGen       total 87552K, used 74192K [0x0000000081e00000, 0x0000000087380000, 0x00000000d5f80000)
  object space 87552K, 84% used [0x0000000081e00000,0x00000000866742a8,0x0000000087380000)
 Metaspace       used 20036K, capacity 21240K, committed 21296K, reserved 1067008K
  class space    used 2898K, capacity 3168K, committed 3200K, reserved 1048576K
}
Event: 1.850 GC heap before
{Heap before GC invocations=3 (full 1):
 PSYoungGen      total 38400K, used 5088K [0x00000000d5f80000, 0x00000000d8a00000, 0x0000000100000000)
  eden space 33280K, 0% used [0x00000000d5f80000,0x00000000d5f80000,0x00000000d8000000)
  from space 5120K, 99% used [0x00000000d8500000,0x00000000d89f8040,0x00000000d8a00000)
  to   space 5120K, 0% used [0x00000000d8000000,0x00000000d8000000,0x00000000d8500000)
 ParOldGen       total 87552K, used 74192K [0x0000000081e00000, 0x0000000087380000, 0x00000000d5f80000)
  object space 87552K, 84% used [0x0000000081e00000,0x00000000866742a8,0x0000000087380000)
 Metaspace       used 20036K, capacity 21240K, committed 21296K, reserved 1067008K
  class space    used 2898K, capacity 3168K, committed 3200K, reserved 1048576K
Event: 1.880 GC heap after
Heap after GC invocations=3 (full 1):
 PSYoungGen      total 38400K, used 0K [0x00000000d5f80000, 0x00000000d8a00000, 0x0000000100000000)
  eden space 33280K, 0% used [0x00000000d5f80000,0x00000000d5f80000,0x00000000d8000000)
  from space 5120K, 0% used [0x00000000d8500000,0x00000000d8500000,0x00000000d8a00000)
  to   space 5120K, 0% used [0x00000000d8000000,0x00000000d8000000,0x00000000d8500000)
 ParOldGen       total 141312K, used 77483K [0x0000000081e00000, 0x000000008a800000, 0x00000000d5f80000)
  object space 141312K, 54% used [0x0000000081e00000,0x00000000869aae30,0x000000008a800000)
 Metaspace       used 20036K, capacity 21240K, committed 21296K, reserved 1067008K
  class space    used 2898K, capacity 3168K, committed 3200K, reserved 1048576K
}
Event: 46.739 GC heap before
{Heap before GC invocations=4 (full 1):
 PSYoungGen      total 38400K, used 33280K [0x00000000d5f80000, 0x00000000d8a00000, 0x0000000100000000)
  eden space 33280K, 100% used [0x00000000d5f80000,0x00000000d8000000,0x00000000d8000000)
  from space 5120K, 0% used [0x00000000d8500000,0x00000000d8500000,0x00000000d8a00000)
  to   space 5120K, 0% used [0x00000000d8000000,0x00000000d8000000,0x00000000d8500000)
 ParOldGen       total 353280K, used 323577K [0x0000000081e00000, 0x0000000097700000, 0x00000000d5f80000)
  object space 353280K, 91% used [0x0000000081e00000,0x00000000959fe5a0,0x0000000097700000)
 Metaspace       used 22814K, capacity 24416K, committed 24576K, reserved 1071104K
  class space    used 3167K, capacity 3490K, committed 3584K, reserved 1048576K
Event: 46.744 GC heap after
Heap after GC invocations=4 (full 1):
 PSYoungGen      total 38400K, used 5088K [0x00000000d5f80000, 0x00000000d9180000, 0x0000000100000000)
  eden space 33280K, 0% used [0x00000000d5f80000,0x00000000d5f80000,0x00000000d8000000)
  from space 5120K, 99% used [0x00000000d8000000,0x00000000d84f8220,0x00000000d8500000)
  to   space 5120K, 0% used [0x00000000d8c80000,0x00000000d8c80000,0x00000000d9180000)
 ParOldGen       total 353280K, used 326721K [0x0000000081e00000, 0x0000000097700000, 0x00000000d5f80000)
  object space 353280K, 92% used [0x0000000081e00000,0x0000000095d106a0,0x0000000097700000)
 Metaspace       used 22814K, capacity 24416K, committed 24576K, reserved 1071104K
  class space    used 3167K, capacity 3490K, committed 3584K, reserved 1048576K
}
Event: 50.256 GC heap before
{Heap before GC invocations=5 (full 1):
 PSYoungGen      total 38400K, used 8738K [0x00000000d5f80000, 0x00000000d9180000, 0x0000000100000000)
  eden space 33280K, 10% used [0x00000000d5f80000,0x00000000d6310650,0x00000000d8000000)
  from space 5120K, 99% used [0x00000000d8000000,0x00000000d84f8220,0x00000000d8500000)
  to   space 5120K, 0% used [0x00000000d8c80000,0x00000000d8c80000,0x00000000d9180000)
 ParOldGen       total 353280K, used 326721K [0x0000000081e00000, 0x0000000097700000, 0x00000000d5f80000)
  object space 353280K, 92% used [0x0000000081e00000,0x0000000095d106a0,0x0000000097700000)
 Metaspace       used 22876K, capacity 24420K, committed 24576K, reserved 1071104K
  class space    used 3167K, capacity 3490K, committed 3584K, reserved 1048576K
Event: 50.263 GC heap after
Heap after GC invocations=5 (full 1):
 PSYoungGen      total 45568K, used 5088K [0x00000000d5f80000, 0x00000000d9180000, 0x0000000100000000)
  eden space 40448K, 0% used [0x00000000d5f80000,0x00000000d5f80000,0x00000000d8700000)
  from space 5120K, 99% used [0x00000000d8c80000,0x00000000d9178020,0x00000000d9180000)
  to   space 5120K, 0% used [0x00000000d8780000,0x00000000d8780000,0x00000000d8c80000)
 ParOldGen       total 353280K, used 326777K [0x0000000081e00000, 0x0000000097700000, 0x00000000d5f80000)
  object space 353280K, 92% used [0x0000000081e00000,0x0000000095d1e6a0,0x0000000097700000)
 Metaspace       used 22876K, capacity 24420K, committed 24576K, reserved 1071104K
  class space    used 3167K, capacity 3490K, committed 3584K, reserved 1048576K
}

